<?xml version="1.0" encoding="UTF-8"?>
<!-- Generated by org.testng.reporters.JUnitReportReporter -->
<testsuite hostname="DESKTOP-MIGTAFN" failures="0" tests="8" name="com.TestClassExecutionPACK.StatsHomePageTest" time="184.083" errors="0" timestamp="2024-08-26T11:18:41 IST" skipped="0">
  <testcase classname="com.TestClassExecutionPACK.StatsHomePageTest" name="verify_StatsHomePage_Title_Test" time="13.751"/>
  <system-out/>
  <testcase classname="com.TestClassExecutionPACK.StatsHomePageTest" name="Verify_linksInStatsHomePageTest" time="84.773"/>
  <system-out/>
  <testcase classname="com.TestClassExecutionPACK.StatsHomePageTest" name="Verify_StatsHomePageHeaderTest" time="17.392"/>
  <system-out/>
  <testcase classname="com.TestClassExecutionPACK.StatsHomePageTest" name="verify_closing_header_Stats_homepageTest" time="13.164"/>
  <system-out/>
  <testcase classname="com.TestClassExecutionPACK.StatsHomePageTest" name="Verify_ListedProperties_header_Stats_homepage" time="14.421"/>
  <system-out/>
  <testcase classname="com.TestClassExecutionPACK.StatsHomePageTest" name="Verify_CurrentInventory_Statshomepageheader" time="13.179"/>
  <system-out/>
  <testcase classname="com.TestClassExecutionPACK.StatsHomePageTest" name="Verify_BSB_Statshomepageheader" time="13.234"/>
  <system-out/>
  <testcase classname="com.TestClassExecutionPACK.StatsHomePageTest" name="Verify_TUCINStatshomepageheader" time="14.169"/>
  <system-out/>
</testsuite> <!-- com.TestClassExecutionPACK.StatsHomePageTest -->
