<?xml version="1.0" encoding="UTF-8"?>
<!-- Generated by org.testng.reporters.JUnitReportReporter -->
<testsuite hostname="DESKTOP-MIGTAFN" failures="0" tests="4" name="com.TestClassExecutionPACK.UpLoadsPageTest" time="246.879" errors="0" timestamp="2024-09-13T12:00:07 IST" skipped="0">
  <testcase classname="com.TestClassExecutionPACK.UpLoadsPageTest" name="verify_UpLoadspage_Title_Test" time="19.342"/>
  <system-out/>
  <testcase classname="com.TestClassExecutionPACK.UpLoadsPageTest" name="Verify_linksInUploadsPageTest" time="108.619"/>
  <system-out/>
  <testcase classname="com.TestClassExecutionPACK.UpLoadsPageTest" name="Verify_UploadsPageHeaderTest" time="33.229"/>
  <system-out/>
  <testcase classname="com.TestClassExecutionPACK.UpLoadsPageTest" name="verify_that_Is_Uploads_Of_CSV_File_is_Successful_In_UpLoadsPage" time="85.689"/>
  <system-out/>
</testsuite> <!-- com.TestClassExecutionPACK.UpLoadsPageTest -->
